{"numTotalTestSuites":50,"numPassedTestSuites":47,"numFailedTestSuites":3,"numPendingTestSuites":0,"numTotalTests":146,"numPassedTests":134,"numFailedTests":12,"numPendingTests":0,"numTodoTests":0,"startTime":1772617872567,"success":false,"testResults":[{"assertionResults":[],"startTime":1772617872567,"endTime":1772617872567,"status":"failed","message":"Failed to resolve import \"@playwright/test\" from \"tests/admin-user-journey.e2e.spec.js\". Does the file exist?","name":"D:/GITHUB_REPOSITORIES/indicab-Website/indicab-frontend/tests/admin-user-journey.e2e.spec.js"},{"assertionResults":[],"startTime":1772617872567,"endTime":1772617872567,"status":"failed","message":"Failed to resolve import \"@playwright/test\" from \"tests/analytics.e2e.spec.js\". Does the file exist?","name":"D:/GITHUB_REPOSITORIES/indicab-Website/indicab-frontend/tests/analytics.e2e.spec.js"},{"assertionResults":[{"ancestorTitles":["","GuestBookingStatus Component"],"fullName":" GuestBookingStatus Component renders search form on initial load","status":"passed","title":"renders search form on initial load","duration":867,"failureMessages":[]},{"ancestorTitles":["","GuestBookingStatus Component"],"fullName":" GuestBookingStatus Component displays empty state message when no booking is searched","status":"passed","title":"displays empty state message when no booking is searched","duration":63,"failureMessages":[]},{"ancestorTitles":["","GuestBookingStatus Component"],"fullName":" GuestBookingStatus Component fetches and displays booking details on successful search","status":"passed","title":"fetches and displays booking details on successful search","duration":964,"failureMessages":[]},{"ancestorTitles":["","GuestBookingStatus Component"],"fullName":" GuestBookingStatus Component displays error message when booking is not found","status":"passed","title":"displays error message when booking is not found","duration":377,"failureMessages":[]},{"ancestorTitles":["","GuestBookingStatus Component"],"fullName":" GuestBookingStatus Component displays error message on network failure","status":"passed","title":"displays error message on network failure","duration":402,"failureMessages":[]},{"ancestorTitles":["","GuestBookingStatus Component"],"fullName":" GuestBookingStatus Component displays login CTA when booking details are shown","status":"passed","title":"displays login CTA when booking details are shown","duration":532,"failureMessages":[]},{"ancestorTitles":["","GuestBookingStatus Component"],"fullName":" GuestBookingStatus Component shows loading state while fetching","status":"passed","title":"shows loading state while fetching","duration":374,"failureMessages":[]},{"ancestorTitles":["","GuestBookingStatus Component"],"fullName":" GuestBookingStatus Component prevents search with empty booking ID","status":"passed","title":"prevents search with empty booking ID","duration":117,"failureMessages":[]},{"ancestorTitles":["","GuestBookingStatus Component"],"fullName":" GuestBookingStatus Component loads booking from URL parameter on mount","status":"passed","title":"loads booking from URL parameter on mount","duration":22,"failureMessages":[]},{"ancestorTitles":["","GuestBookingStatus Component"],"fullName":" GuestBookingStatus Component displays correct status color for different statuses","status":"passed","title":"displays correct status color for different statuses","duration":1117,"failureMessages":[]}],"startTime":1772617885722,"endTime":1772617890561,"status":"passed","message":"","name":"D:/GITHUB_REPOSITORIES/indicab-Website/indicab-frontend/src/components/GuestBookingStatus.test.jsx"},{"assertionResults":[{"ancestorTitles":["","ServiceCities Component"],"fullName":" ServiceCities Component should render service cities section","status":"passed","title":"should render service cities section","duration":429,"failureMessages":[]},{"ancestorTitles":["","ServiceCities Component"],"fullName":" ServiceCities Component should display loading state","status":"passed","title":"should display loading state","duration":82,"failureMessages":[]},{"ancestorTitles":["","ServiceCities Component"],"fullName":" ServiceCities Component should display error message when error occurs","status":"passed","title":"should display error message when error occurs","duration":63,"failureMessages":[]},{"ancestorTitles":["","ServiceCities Component"],"fullName":" ServiceCities Component should render city badges when cities are loaded","status":"passed","title":"should render city badges when cities are loaded","duration":272,"failureMessages":[]},{"ancestorTitles":["","ServiceCities Component"],"fullName":" ServiceCities Component should display statistics when data is loaded","status":"passed","title":"should display statistics when data is loaded","duration":149,"failureMessages":[]}],"startTime":1772617885632,"endTime":1772617886628,"status":"passed","message":"","name":"D:/GITHUB_REPOSITORIES/indicab-Website/indicab-frontend/src/components/ServiceCities.test.jsx"},{"assertionResults":[{"ancestorTitles":["","exportUtils","exportToCSV"],"fullName":" exportUtils exportToCSV should export data to CSV with correct format","status":"passed","title":"should export data to CSV with correct format","duration":40,"failureMessages":[]},{"ancestorTitles":["","exportUtils","exportToCSV"],"fullName":" exportUtils exportToCSV should handle empty data array","status":"passed","title":"should handle empty data array","duration":13,"failureMessages":[]},{"ancestorTitles":["","exportUtils","exportToCSV"],"fullName":" exportUtils exportToCSV should handle null data","status":"passed","title":"should handle null data","duration":7,"failureMessages":[]},{"ancestorTitles":["","exportUtils","exportToCSV"],"fullName":" exportUtils exportToCSV should handle undefined data","status":"passed","title":"should handle undefined data","duration":3,"failureMessages":[]},{"ancestorTitles":["","exportUtils","exportToCSV"],"fullName":" exportUtils exportToCSV should create download link with correct filename format","status":"passed","title":"should create download link with correct filename format","duration":9,"failureMessages":[]},{"ancestorTitles":["","exportUtils","exportToCSV"],"fullName":" exportUtils exportToCSV should handle special characters in data","status":"passed","title":"should handle special characters in data","duration":6,"failureMessages":[]},{"ancestorTitles":["","exportUtils","exportToCSV"],"fullName":" exportUtils exportToCSV should handle missing columns gracefully","status":"passed","title":"should handle missing columns gracefully","duration":7,"failureMessages":[]},{"ancestorTitles":["","exportUtils","exportToCSV"],"fullName":" exportUtils exportToCSV should catch and log errors","status":"passed","title":"should catch and log errors","duration":10,"failureMessages":[]},{"ancestorTitles":["","exportUtils","exportToExcel"],"fullName":" exportUtils exportToExcel should export data to Excel with correct functions","status":"failed","title":"should export data to Excel with correct functions","duration":12,"failureMessages":["undefined is not a spy or a call to a spy!"],"location":{"line":191,"column":37}},{"ancestorTitles":["","exportUtils","exportToExcel"],"fullName":" exportUtils exportToExcel should handle empty data array","status":"failed","title":"should handle empty data array","duration":9,"failureMessages":["Cannot read properties of undefined (reading 'writeBuffer')"],"location":{"line":202,"column":28}},{"ancestorTitles":["","exportUtils","exportToExcel"],"fullName":" exportUtils exportToExcel should apply custom sheet name from options","status":"failed","title":"should apply custom sheet name from options","duration":8,"failureMessages":["undefined is not a spy or a call to a spy!"],"location":{"line":211,"column":37}},{"ancestorTitles":["","exportUtils","exportToExcel"],"fullName":" exportUtils exportToExcel should use default sheet name when not provided","status":"failed","title":"should use default sheet name when not provided","duration":8,"failureMessages":["undefined is not a spy or a call to a spy!"],"location":{"line":218,"column":37}},{"ancestorTitles":["","exportUtils","exportToExcel"],"fullName":" exportUtils exportToExcel should handle null data","status":"passed","title":"should handle null data","duration":5,"failureMessages":[]},{"ancestorTitles":["","exportUtils","exportToExcel"],"fullName":" exportUtils exportToExcel should catch and log errors","status":"passed","title":"should catch and log errors","duration":9,"failureMessages":[]},{"ancestorTitles":["","exportUtils","exportToExcel"],"fullName":" exportUtils exportToExcel should create download with correct filename format","status":"failed","title":"should create download with correct filename format","duration":8,"failureMessages":[".toMatch() expects to receive a string, but got undefined"],"location":{"line":246,"column":29}},{"ancestorTitles":["","exportUtils","exportToPDF"],"fullName":" exportUtils exportToPDF should create PDF document and save","status":"failed","title":"should create PDF document and save","duration":14,"failureMessages":["undefined is not a spy or a call to a spy!"],"location":{"line":256,"column":28}},{"ancestorTitles":["","exportUtils","exportToPDF"],"fullName":" exportUtils exportToPDF should handle empty data array","status":"passed","title":"should handle empty data array","duration":9,"failureMessages":[]},{"ancestorTitles":["","exportUtils","exportToPDF"],"fullName":" exportUtils exportToPDF should use landscape orientation","status":"passed","title":"should use landscape orientation","duration":15,"failureMessages":[]},{"ancestorTitles":["","exportUtils","exportToPDF"],"fullName":" exportUtils exportToPDF should add page numbers and record count to footer","status":"failed","title":"should add page numbers and record count to footer","duration":15,"failureMessages":["Cannot read properties of undefined (reading 'mock')"],"location":{"line":278,"column":38}},{"ancestorTitles":["","exportUtils","exportToPDF"],"fullName":" exportUtils exportToPDF should catch and log errors","status":"passed","title":"should catch and log errors","duration":12,"failureMessages":[]},{"ancestorTitles":["","exportUtils","exportSelectedItems"],"fullName":" exportUtils exportSelectedItems should call exportToCSV for csv format","status":"passed","title":"should call exportToCSV for csv format","duration":9,"failureMessages":[]},{"ancestorTitles":["","exportUtils","exportSelectedItems"],"fullName":" exportUtils exportSelectedItems should call exportToExcel for excel format","status":"failed","title":"should call exportToExcel for excel format","duration":10,"failureMessages":["Cannot read properties of undefined (reading 'writeBuffer')"],"location":{"line":306,"column":28}},{"ancestorTitles":["","exportUtils","exportSelectedItems"],"fullName":" exportUtils exportSelectedItems should call exportToPDF for pdf format","status":"passed","title":"should call exportToPDF for pdf format","duration":8,"failureMessages":[]},{"ancestorTitles":["","exportUtils","exportSelectedItems"],"fullName":" exportUtils exportSelectedItems should handle invalid format","status":"passed","title":"should handle invalid format","duration":10,"failureMessages":[]},{"ancestorTitles":["","exportUtils","getExportColumns"],"fullName":" exportUtils getExportColumns should return user columns","status":"passed","title":"should return user columns","duration":5,"failureMessages":[]},{"ancestorTitles":["","exportUtils","getExportColumns"],"fullName":" exportUtils getExportColumns should return empty array for unknown entity","status":"passed","title":"should return empty array for unknown entity","duration":4,"failureMessages":[]},{"ancestorTitles":["","exportUtils","formatDataForExport"],"fullName":" exportUtils formatDataForExport should apply transformer function to data","status":"passed","title":"should apply transformer function to data","duration":4,"failureMessages":[]}],"startTime":1772617887294,"endTime":1772617887573,"status":"failed","message":"","name":"D:/GITHUB_REPOSITORIES/indicab-Website/indicab-frontend/src/utils/exportUtils.test.js"},{"assertionResults":[],"startTime":1772617872567,"endTime":1772617872567,"status":"failed","message":"Failed to parse source for import analysis because the content contains invalid JS syntax. If you are using JSX, make sure to name the file with the .jsx or .tsx extension.","name":"D:/GITHUB_REPOSITORIES/indicab-Website/indicab-frontend/src/test/adminPanels.test.js"},{"assertionResults":[{"ancestorTitles":["","API Integration Tests","API Client Configuration"],"fullName":" API Integration Tests API Client Configuration should have correct base URL","status":"passed","title":"should have correct base URL","duration":18,"failureMessages":[]},{"ancestorTitles":["","API Integration Tests","API Client Configuration"],"fullName":" API Integration Tests API Client Configuration should have request timeout configured","status":"passed","title":"should have request timeout configured","duration":4,"failureMessages":[]},{"ancestorTitles":["","API Integration Tests","API Client Configuration"],"fullName":" API Integration Tests API Client Configuration should include Content-Type header","status":"passed","title":"should include Content-Type header","duration":3,"failureMessages":[]},{"ancestorTitles":["","API Integration Tests","API Client Configuration"],"fullName":" API Integration Tests API Client Configuration should have Authorization interceptor","status":"passed","title":"should have Authorization interceptor","duration":1,"failureMessages":[]},{"ancestorTitles":["","API Integration Tests","API Client Configuration"],"fullName":" API Integration Tests API Client Configuration should have response interceptor","status":"passed","title":"should have response interceptor","duration":3,"failureMessages":[]},{"ancestorTitles":["","API Integration Tests","API Call Helper"],"fullName":" API Integration Tests API Call Helper should return successful response","status":"passed","title":"should return successful response","duration":7,"failureMessages":[]},{"ancestorTitles":["","API Integration Tests","API Call Helper"],"fullName":" API Integration Tests API Call Helper should return fallback data on error","status":"passed","title":"should return fallback data on error","duration":2,"failureMessages":[]},{"ancestorTitles":["","API Integration Tests","API Call Helper"],"fullName":" API Integration Tests API Call Helper should detect offline errors","status":"passed","title":"should detect offline errors","duration":2,"failureMessages":[]},{"ancestorTitles":["","API Integration Tests","Error Handler"],"fullName":" API Integration Tests Error Handler should handle API errors correctly","status":"passed","title":"should handle API errors correctly","duration":2,"failureMessages":[]},{"ancestorTitles":["","API Integration Tests","Error Handler"],"fullName":" API Integration Tests Error Handler should handle network errors","status":"passed","title":"should handle network errors","duration":1,"failureMessages":[]},{"ancestorTitles":["","API Integration Tests","Error Handler"],"fullName":" API Integration Tests Error Handler should handle 401 unauthorized","status":"passed","title":"should handle 401 unauthorized","duration":2,"failureMessages":[]},{"ancestorTitles":["","API Integration Tests","Error Handler"],"fullName":" API Integration Tests Error Handler should handle 500 server errors","status":"passed","title":"should handle 500 server errors","duration":4,"failureMessages":[]},{"ancestorTitles":["","API Integration Tests","Safe Async Operations"],"fullName":" API Integration Tests Safe Async Operations should execute async function successfully","status":"passed","title":"should execute async function successfully","duration":4,"failureMessages":[]},{"ancestorTitles":["","API Integration Tests","Safe Async Operations"],"fullName":" API Integration Tests Safe Async Operations should return fallback on error","status":"passed","title":"should return fallback on error","duration":4,"failureMessages":[]},{"ancestorTitles":["","API Integration Tests","Safe Async Operations"],"fullName":" API Integration Tests Safe Async Operations should throw error when no fallback provided","status":"passed","title":"should throw error when no fallback provided","duration":5,"failureMessages":[]},{"ancestorTitles":["","API Integration Tests","Retry Logic"],"fullName":" API Integration Tests Retry Logic should succeed on first attempt","status":"passed","title":"should succeed on first attempt","duration":4,"failureMessages":[]},{"ancestorTitles":["","API Integration Tests","Retry Logic"],"fullName":" API Integration Tests Retry Logic should retry on failure","status":"passed","title":"should retry on failure","duration":49,"failureMessages":[]},{"ancestorTitles":["","API Integration Tests","Retry Logic"],"fullName":" API Integration Tests Retry Logic should fail after max retries","status":"passed","title":"should fail after max retries","duration":40,"failureMessages":[]},{"ancestorTitles":["","API Integration Tests","Token Management"],"fullName":" API Integration Tests Token Management should add auth token to requests","status":"failed","title":"should add auth token to requests","duration":15,"failureMessages":["expected undefined to be 'test-jwt-token-123' // Object.is equality"],"location":{"line":205,"column":45}},{"ancestorTitles":["","API Integration Tests","Token Management"],"fullName":" API Integration Tests Token Management should clear token on 401 response","status":"failed","title":"should clear token on 401 response","duration":3,"failureMessages":["the given combination of arguments (undefined and string) is invalid for this assertion. You can use an array, a map, an object, a set, a string, or a weakset instead of a string"],"location":{"line":221,"column":48}},{"ancestorTitles":["","API Integration Tests","Offline Queue"],"fullName":" API Integration Tests Offline Queue should persist booking to queue when offline","status":"passed","title":"should persist booking to queue when offline","duration":3,"failureMessages":[]},{"ancestorTitles":["","API Integration Tests","Offline Queue"],"fullName":" API Integration Tests Offline Queue should track queue status","status":"passed","title":"should track queue status","duration":2,"failureMessages":[]},{"ancestorTitles":["","API Integration Tests","Feature-Specific Endpoints"],"fullName":" API Integration Tests Feature-Specific Endpoints should have booking endpoint","status":"passed","title":"should have booking endpoint","duration":1,"failureMessages":[]},{"ancestorTitles":["","API Integration Tests","Feature-Specific Endpoints"],"fullName":" API Integration Tests Feature-Specific Endpoints should have routes endpoint","status":"passed","title":"should have routes endpoint","duration":0,"failureMessages":[]},{"ancestorTitles":["","API Integration Tests","Feature-Specific Endpoints"],"fullName":" API Integration Tests Feature-Specific Endpoints should have recommendations endpoint","status":"passed","title":"should have recommendations endpoint","duration":1,"failureMessages":[]},{"ancestorTitles":["","API Integration Tests","Feature-Specific Endpoints"],"fullName":" API Integration Tests Feature-Specific Endpoints should have authentication endpoint","status":"passed","title":"should have authentication endpoint","duration":1,"failureMessages":[]},{"ancestorTitles":["","API Integration Tests","Feature-Specific Endpoints"],"fullName":" API Integration Tests Feature-Specific Endpoints should have admin endpoint","status":"passed","title":"should have admin endpoint","duration":1,"failureMessages":[]},{"ancestorTitles":["","API Integration Tests","Content Negotiation"],"fullName":" API Integration Tests Content Negotiation should accept JSON responses","status":"passed","title":"should accept JSON responses","duration":1,"failureMessages":[]},{"ancestorTitles":["","API Integration Tests","Content Negotiation"],"fullName":" API Integration Tests Content Negotiation should send JSON requests","status":"passed","title":"should send JSON requests","duration":1,"failureMessages":[]},{"ancestorTitles":["","API Integration Tests","Timeout Handling"],"fullName":" API Integration Tests Timeout Handling should have configured timeout","status":"passed","title":"should have configured timeout","duration":1,"failureMessages":[]},{"ancestorTitles":["","API Integration Tests","Timeout Handling"],"fullName":" API Integration Tests Timeout Handling should respect timeout configuration","status":"passed","title":"should respect timeout configuration","duration":0,"failureMessages":[]},{"ancestorTitles":["","API Integration Scenarios"],"fullName":" API Integration Scenarios User should be able to book a ride","status":"passed","title":"User should be able to book a ride","duration":0,"failureMessages":[]},{"ancestorTitles":["","API Integration Scenarios"],"fullName":" API Integration Scenarios User should be able to view booking history","status":"passed","title":"User should be able to view booking history","duration":1,"failureMessages":[]},{"ancestorTitles":["","API Integration Scenarios"],"fullName":" API Integration Scenarios User should be able to update profile","status":"passed","title":"User should be able to update profile","duration":1,"failureMessages":[]},{"ancestorTitles":["","API Integration Scenarios"],"fullName":" API Integration Scenarios Should handle offline booking submission","status":"passed","title":"Should handle offline booking submission","duration":1,"failureMessages":[]}],"startTime":1772617888419,"endTime":1772617888615,"status":"failed","message":"","name":"D:/GITHUB_REPOSITORIES/indicab-Website/indicab-frontend/src/test/apiIntegration.test.js"},{"assertionResults":[{"ancestorTitles":["","Admin Slice"],"fullName":" Admin Slice should have initial state","status":"passed","title":"should have initial state","duration":31,"failureMessages":[]},{"ancestorTitles":["","Admin Slice"],"fullName":" Admin Slice should clear error messages","status":"passed","title":"should clear error messages","duration":10,"failureMessages":[]},{"ancestorTitles":["","Admin Slice"],"fullName":" Admin Slice should clear success messages","status":"passed","title":"should clear success messages","duration":4,"failureMessages":[]},{"ancestorTitles":["","Admin Slice"],"fullName":" Admin Slice should handle createUser fulfilled","status":"passed","title":"should handle createUser fulfilled","duration":4,"failureMessages":[]},{"ancestorTitles":["","Admin Slice"],"fullName":" Admin Slice should handle deleteUser fulfilled","status":"passed","title":"should handle deleteUser fulfilled","duration":4,"failureMessages":[]},{"ancestorTitles":["","Auth Slice"],"fullName":" Auth Slice should have initial auth state","status":"passed","title":"should have initial auth state","duration":3,"failureMessages":[]},{"ancestorTitles":["","Auth Slice"],"fullName":" Auth Slice should set credentials","status":"passed","title":"should set credentials","duration":5,"failureMessages":[]},{"ancestorTitles":["","Auth Slice"],"fullName":" Auth Slice should logout","status":"passed","title":"should logout","duration":6,"failureMessages":[]},{"ancestorTitles":["","Profile Slice"],"fullName":" Profile Slice should have initial profile state","status":"passed","title":"should have initial profile state","duration":2,"failureMessages":[]},{"ancestorTitles":["","Profile Slice"],"fullName":" Profile Slice should handle fetchProfile pending","status":"passed","title":"should handle fetchProfile pending","duration":3,"failureMessages":[]},{"ancestorTitles":["","Booking History Slice"],"fullName":" Booking History Slice should have initial booking history state","status":"passed","title":"should have initial booking history state","duration":1,"failureMessages":[]},{"ancestorTitles":["","Booking History Slice"],"fullName":" Booking History Slice should add booking to history","status":"passed","title":"should add booking to history","duration":3,"failureMessages":[]},{"ancestorTitles":["","Booking History Slice"],"fullName":" Booking History Slice should not add duplicate bookings","status":"passed","title":"should not add duplicate bookings","duration":3,"failureMessages":[]},{"ancestorTitles":["","Service Cities Slice"],"fullName":" Service Cities Slice should have initial service cities state","status":"passed","title":"should have initial service cities state","duration":3,"failureMessages":[]},{"ancestorTitles":["","Service Cities Slice"],"fullName":" Service Cities Slice should handle fetchServiceCities pending","status":"passed","title":"should handle fetchServiceCities pending","duration":2,"failureMessages":[]},{"ancestorTitles":["","Driver Slice"],"fullName":" Driver Slice should have initial driver state","status":"passed","title":"should have initial driver state","duration":1,"failureMessages":[]},{"ancestorTitles":["","Driver Slice"],"fullName":" Driver Slice should handle applyAsDriver pending","status":"passed","title":"should handle applyAsDriver pending","duration":1,"failureMessages":[]},{"ancestorTitles":["","Driver Slice"],"fullName":" Driver Slice should handle fetchPendingApplications pending","status":"passed","title":"should handle fetchPendingApplications pending","duration":2,"failureMessages":[]},{"ancestorTitles":["","Store Integration"],"fullName":" Store Integration should combine all reducers correctly","status":"passed","title":"should combine all reducers correctly","duration":3,"failureMessages":[]},{"ancestorTitles":["","Store Integration"],"fullName":" Store Integration should maintain separate slice states","status":"passed","title":"should maintain separate slice states","duration":2,"failureMessages":[]},{"ancestorTitles":["","Store Integration"],"fullName":" Store Integration should handle multiple dispatch calls correctly","status":"passed","title":"should handle multiple dispatch calls correctly","duration":1,"failureMessages":[]},{"ancestorTitles":["","Error Handling in Slices"],"fullName":" Error Handling in Slices should handle errors in admin slice","status":"passed","title":"should handle errors in admin slice","duration":1,"failureMessages":[]},{"ancestorTitles":["","Error Handling in Slices"],"fullName":" Error Handling in Slices should handle errors in profile slice","status":"passed","title":"should handle errors in profile slice","duration":5,"failureMessages":[]}],"startTime":1772617889102,"endTime":1772617889207,"status":"passed","message":"","name":"D:/GITHUB_REPOSITORIES/indicab-Website/indicab-frontend/src/test/slices.test.js"},{"assertionResults":[{"ancestorTitles":["","Admin WebSocket Service","Connection Management"],"fullName":" Admin WebSocket Service Connection Management should initialize with correct default values","status":"passed","title":"should initialize with correct default values","duration":7,"failureMessages":[]},{"ancestorTitles":["","Admin WebSocket Service","Connection Management"],"fullName":" Admin WebSocket Service Connection Management should generate correct WebSocket URL in development","status":"passed","title":"should generate correct WebSocket URL in development","duration":3,"failureMessages":[]},{"ancestorTitles":["","Admin WebSocket Service","Connection Management"],"fullName":" Admin WebSocket Service Connection Management should create SockJS and Stomp client on connect attempt","status":"passed","title":"should create SockJS and Stomp client on connect attempt","duration":17,"failureMessages":[]},{"ancestorTitles":["","Admin WebSocket Service","Connection Management"],"fullName":" Admin WebSocket Service Connection Management should set isConnected to true on successful connection","status":"passed","title":"should set isConnected to true on successful connection","duration":6,"failureMessages":[]},{"ancestorTitles":["","Admin WebSocket Service","Connection Management"],"fullName":" Admin WebSocket Service Connection Management should pass Bearer token in connection headers","status":"failed","title":"should pass Bearer token in connection headers","duration":5024,"failureMessages":["Test timed out in 5000ms.\nIf this is a long-running test, pass a timeout value as the last argument or configure it globally with \"testTimeout\"."]},{"ancestorTitles":["","Admin WebSocket Service","Connection Management"],"fullName":" Admin WebSocket Service Connection Management should disconnect gracefully","status":"passed","title":"should disconnect gracefully","duration":4,"failureMessages":[]},{"ancestorTitles":["","Admin WebSocket Service","Connection Management"],"fullName":" Admin WebSocket Service Connection Management should return connection status","status":"passed","title":"should return connection status","duration":6,"failureMessages":[]},{"ancestorTitles":["","Admin WebSocket Service","Topic Subscriptions"],"fullName":" Admin WebSocket Service Topic Subscriptions should subscribe to booking updates","status":"passed","title":"should subscribe to booking updates","duration":27,"failureMessages":[]},{"ancestorTitles":["","Admin WebSocket Service","Topic Subscriptions"],"fullName":" Admin WebSocket Service Topic Subscriptions should subscribe to driver updates","status":"passed","title":"should subscribe to driver updates","duration":8,"failureMessages":[]},{"ancestorTitles":["","Admin WebSocket Service","Topic Subscriptions"],"fullName":" Admin WebSocket Service Topic Subscriptions should subscribe to user updates","status":"passed","title":"should subscribe to user updates","duration":4,"failureMessages":[]},{"ancestorTitles":["","Admin WebSocket Service","Topic Subscriptions"],"fullName":" Admin WebSocket Service Topic Subscriptions should subscribe to dashboard updates","status":"passed","title":"should subscribe to dashboard updates","duration":6,"failureMessages":[]},{"ancestorTitles":["","Admin WebSocket Service","Topic Subscriptions"],"fullName":" Admin WebSocket Service Topic Subscriptions should track subscriptions","status":"passed","title":"should track subscriptions","duration":5,"failureMessages":[]},{"ancestorTitles":["","Admin WebSocket Service","Topic Subscriptions"],"fullName":" Admin WebSocket Service Topic Subscriptions should prevent duplicate subscriptions","status":"passed","title":"should prevent duplicate subscriptions","duration":9,"failureMessages":[]},{"ancestorTitles":["","Admin WebSocket Service","Topic Subscriptions"],"fullName":" Admin WebSocket Service Topic Subscriptions should invoke callback when message is received","status":"passed","title":"should invoke callback when message is received","duration":9,"failureMessages":[]},{"ancestorTitles":["","Admin WebSocket Service","Real-Time Updates"],"fullName":" Admin WebSocket Service Real-Time Updates should handle real-time booking updates","status":"passed","title":"should handle real-time booking updates","duration":9,"failureMessages":[]},{"ancestorTitles":["","Admin WebSocket Service","Real-Time Updates"],"fullName":" Admin WebSocket Service Real-Time Updates should handle real-time user registration updates","status":"passed","title":"should handle real-time user registration updates","duration":8,"failureMessages":[]},{"ancestorTitles":["","Admin WebSocket Service","Real-Time Updates"],"fullName":" Admin WebSocket Service Real-Time Updates should handle dashboard metrics updates","status":"passed","title":"should handle dashboard metrics updates","duration":6,"failureMessages":[]},{"ancestorTitles":["","Admin WebSocket Service","Real-Time Updates"],"fullName":" Admin WebSocket Service Real-Time Updates should handle malformed JSON gracefully","status":"passed","title":"should handle malformed JSON gracefully","duration":24,"failureMessages":[]},{"ancestorTitles":["","Admin WebSocket Service","Event Handlers"],"fullName":" Admin WebSocket Service Event Handlers should register event listeners","status":"passed","title":"should register event listeners","duration":5,"failureMessages":[]},{"ancestorTitles":["","Admin WebSocket Service","Event Handlers"],"fullName":" Admin WebSocket Service Event Handlers should call registered event handlers on message receipt","status":"passed","title":"should call registered event handlers on message receipt","duration":6,"failureMessages":[]},{"ancestorTitles":["","Admin WebSocket Service","Event Handlers"],"fullName":" Admin WebSocket Service Event Handlers should remove event listeners","status":"passed","title":"should remove event listeners","duration":5,"failureMessages":[]},{"ancestorTitles":["","Admin WebSocket Service","Event Handlers"],"fullName":" Admin WebSocket Service Event Handlers should support multiple event listeners for same event","status":"passed","title":"should support multiple event listeners for same event","duration":4,"failureMessages":[]},{"ancestorTitles":["","Admin WebSocket Service","Error Handling & Reconnection"],"fullName":" Admin WebSocket Service Error Handling & Reconnection should attempt reconnection on connection error","status":"passed","title":"should attempt reconnection on connection error","duration":4,"failureMessages":[]},{"ancestorTitles":["","Admin WebSocket Service","Error Handling & Reconnection"],"fullName":" Admin WebSocket Service Error Handling & Reconnection should implement exponential backoff for reconnection","status":"passed","title":"should implement exponential backoff for reconnection","duration":1,"failureMessages":[]},{"ancestorTitles":["","Admin WebSocket Service","Error Handling & Reconnection"],"fullName":" Admin WebSocket Service Error Handling & Reconnection should stop reconnecting after max attempts","status":"passed","title":"should stop reconnecting after max attempts","duration":1,"failureMessages":[]},{"ancestorTitles":["","Admin WebSocket Service","Message Parsing & Validation"],"fullName":" Admin WebSocket Service Message Parsing & Validation should parse JSON message body correctly","status":"passed","title":"should parse JSON message body correctly","duration":4,"failureMessages":[]},{"ancestorTitles":["","Admin WebSocket Service","Message Parsing & Validation"],"fullName":" Admin WebSocket Service Message Parsing & Validation should handle null or empty message body","status":"passed","title":"should handle null or empty message body","duration":2,"failureMessages":[]},{"ancestorTitles":["","Admin WebSocket Service","Message Parsing & Validation"],"fullName":" Admin WebSocket Service Message Parsing & Validation should handle arrays in message body","status":"passed","title":"should handle arrays in message body","duration":3,"failureMessages":[]},{"ancestorTitles":["","Admin WebSocket Service","Message Parsing & Validation"],"fullName":" Admin WebSocket Service Message Parsing & Validation should handle nested JSON structures","status":"passed","title":"should handle nested JSON structures","duration":3,"failureMessages":[]},{"ancestorTitles":["","Admin WebSocket Service","Subscription Management & Cleanup"],"fullName":" Admin WebSocket Service Subscription Management & Cleanup should unsubscribe from topic when unsubscribe function is called","status":"passed","title":"should unsubscribe from topic when unsubscribe function is called","duration":14,"failureMessages":[]},{"ancestorTitles":["","Admin WebSocket Service","Subscription Management & Cleanup"],"fullName":" Admin WebSocket Service Subscription Management & Cleanup should handle multiple unsubscribe calls gracefully","status":"failed","title":"should handle multiple unsubscribe calls gracefully","duration":10,"failureMessages":["expected \"spy\" to be called 2 times, but got 1 times"],"location":{"line":684,"column":31}},{"ancestorTitles":["","Admin WebSocket Service","Subscription Management & Cleanup"],"fullName":" Admin WebSocket Service Subscription Management & Cleanup should clear all subscriptions on disconnect","status":"passed","title":"should clear all subscriptions on disconnect","duration":5,"failureMessages":[]},{"ancestorTitles":["","Admin WebSocket Service","Subscription Management & Cleanup"],"fullName":" Admin WebSocket Service Subscription Management & Cleanup should clean up event handlers on service cleanup","status":"passed","title":"should clean up event handlers on service cleanup","duration":4,"failureMessages":[]},{"ancestorTitles":["","Admin WebSocket Service","Subscription Management & Cleanup"],"fullName":" Admin WebSocket Service Subscription Management & Cleanup should prevent memory leaks by removing old subscriptions","status":"passed","title":"should prevent memory leaks by removing old subscriptions","duration":3,"failureMessages":[]},{"ancestorTitles":["","Admin WebSocket Service","Connection Lifecycle"],"fullName":" Admin WebSocket Service Connection Lifecycle should handle rapid connect/disconnect cycles","status":"passed","title":"should handle rapid connect/disconnect cycles","duration":2,"failureMessages":[]},{"ancestorTitles":["","Admin WebSocket Service","Connection Lifecycle"],"fullName":" Admin WebSocket Service Connection Lifecycle should handle connection when already connected","status":"passed","title":"should handle connection when already connected","duration":5,"failureMessages":[]},{"ancestorTitles":["","Admin WebSocket Service","Connection Lifecycle"],"fullName":" Admin WebSocket Service Connection Lifecycle should handle disconnect when not connected","status":"passed","title":"should handle disconnect when not connected","duration":5,"failureMessages":[]},{"ancestorTitles":["","Admin WebSocket Service","Token Management"],"fullName":" Admin WebSocket Service Token Management should use token from localStorage for authorization","status":"passed","title":"should use token from localStorage for authorization","duration":3,"failureMessages":[]},{"ancestorTitles":["","Admin WebSocket Service","Token Management"],"fullName":" Admin WebSocket Service Token Management should handle missing token gracefully","status":"passed","title":"should handle missing token gracefully","duration":4,"failureMessages":[]},{"ancestorTitles":["","Admin WebSocket Service","Topic Subscription Helpers"],"fullName":" Admin WebSocket Service Topic Subscription Helpers should call subscribeTopic internally for bookings","status":"passed","title":"should call subscribeTopic internally for bookings","duration":7,"failureMessages":[]},{"ancestorTitles":["","Admin WebSocket Service","Topic Subscription Helpers"],"fullName":" Admin WebSocket Service Topic Subscription Helpers should call subscribeTopic internally for drivers","status":"passed","title":"should call subscribeTopic internally for drivers","duration":5,"failureMessages":[]},{"ancestorTitles":["","Admin WebSocket Service","Topic Subscription Helpers"],"fullName":" Admin WebSocket Service Topic Subscription Helpers should call subscribeTopic internally for users","status":"passed","title":"should call subscribeTopic internally for users","duration":3,"failureMessages":[]},{"ancestorTitles":["","Admin WebSocket Service","Topic Subscription Helpers"],"fullName":" Admin WebSocket Service Topic Subscription Helpers should call subscribeTopic internally for dashboard","status":"passed","title":"should call subscribeTopic internally for dashboard","duration":4,"failureMessages":[]},{"ancestorTitles":["","Admin WebSocket Service","Performance & Stress Tests"],"fullName":" Admin WebSocket Service Performance & Stress Tests should handle multiple rapid message events","status":"passed","title":"should handle multiple rapid message events","duration":13,"failureMessages":[]},{"ancestorTitles":["","Admin WebSocket Service","Performance & Stress Tests"],"fullName":" Admin WebSocket Service Performance & Stress Tests should handle large message payloads","status":"passed","title":"should handle large message payloads","duration":21,"failureMessages":[]},{"ancestorTitles":["","Admin WebSocket Service","Performance & Stress Tests"],"fullName":" Admin WebSocket Service Performance & Stress Tests should maintain callback order for sequential messages","status":"passed","title":"should maintain callback order for sequential messages","duration":14,"failureMessages":[]}],"startTime":1772617884195,"endTime":1772617889552,"status":"failed","message":"","name":"D:/GITHUB_REPOSITORIES/indicab-Website/indicab-frontend/src/test/websocket.test.js"}]}